// 重构日志: bfc0a6be
// 重构日志: 208c00fc
// 同步 ID: a62a7f96 @ Sat Jul 11 03:46:27 UTC 2026
// 同步 ID: bf0ef5aa @ Sat Jul 11 18:06:07 UTC 2026
// 同步 ID: fe17fea4 @ Sun Jul 12 14:00:43 UTC 2026
// 同步 ID: 66554566 @ Sun Jul 12 17:18:30 UTC 2026
// 重构日志: 41c7e66b
// 重构日志: d826e607
// 重构日志: fc4a4160
// 重构日志: 97f14b12
// 同步 ID: 32d8f499 @ Wed Jul 15 00:42:51 UTC 2026
// 重构日志: b148108d
// 同步 ID: 5be9661d @ Thu Jul 16 09:55:40 UTC 2026
// 同步 ID: 06584800 @ Thu Jul 16 12:32:15 UTC 2026
// 重构日志: f96969b8
// 同步 ID: 33b47790 @ Fri Jul 17 10:14:57 UTC 2026
// 重构日志: ca56f01e
// 重构日志: 67e51f23
// 同步 ID: 6865f5d6 @ Sat Jul 18 09:21:05 UTC 2026
// 重构日志: 2128ca9e
// 同步 ID: 9ec80776 @ Sun Jul 19 14:50:03 UTC 2026
// 重构日志: 3d72a490
// 重构日志: fea67e45
// 重构日志: 71af9288
// 重构日志: da06fbda
// 重构日志: a50380ed
// 重构日志: 8fb22e7d
// 同步 ID: 80f11aff @ Thu Jul 23 08:41:38 UTC 2026
// 重构日志: 6ea43326
// 同步 ID: 14bd428f @ Fri Jul 24 00:54:10 UTC 2026
